<?xml version="1.0" encoding="UTF-8"?>
<!-- Generated by org.testng.reporters.JUnitXMLReporter -->
<testsuite ignored="0" hostname="LAPTOP-VU95FG60" failures="0" tests="3" name="chrometest" time="15.659" errors="0" timestamp="2020-08-14T11:32:53 IST">
  <testcase classname="day19TestNG.CrossBrowserTest" name="launchbrowser" time="8.928"/>
  <testcase classname="day19TestNG.CrossBrowserTest" name="verifyTitle" time="6.397"/>
  <testcase classname="day19TestNG.CrossBrowserTest" name="closeBrowser" time="0.241"/>
</testsuite> <!-- chrometest -->
