<?xml version="1.0" encoding="UTF-8"?>
<!-- Generated by org.testng.reporters.JUnitXMLReporter -->
<testsuite ignored="0" hostname="LAPTOP-VU95FG60" failures="0" tests="3" name="edgeTest" time="14.176" errors="0" timestamp="2020-08-14T11:33:07 IST">
  <testcase classname="day19TestNG.CrossBrowserTest" name="launchbrowser" time="7.855"/>
  <testcase classname="day19TestNG.CrossBrowserTest" name="verifyTitle" time="6.129"/>
  <testcase classname="day19TestNG.CrossBrowserTest" name="closeBrowser" time="0.181"/>
</testsuite> <!-- edgeTest -->
