<?xml version="1.0" encoding="UTF-8"?>
<!-- Generated by org.testng.reporters.JUnitXMLReporter -->
<testsuite ignored="0" hostname="LAPTOP-VU95FG60" failures="0" tests="3" name="Test" time="0.129" errors="0" timestamp="2020-08-12T11:28:43 IST">
  <testcase classname="day18TestNG.LoginLogoutTest" name="openURL" time="0.026"/>
  <testcase classname="day18TestNG.LoginLogoutTest" name="login" time="0.003"/>
  <testcase classname="day18TestNG.LoginLogoutTest" name="logout" time="0.006"/>
</testsuite> <!-- Test -->
